0 info it worked if it ends with ok
1 verbose cli [ 'C:\\Program Files\\nodejs\\node.exe',
1 verbose cli   'C:\\Program Files\\nodejs\\node_modules\\npm\\bin\\npm-cli.js',
1 verbose cli   'start' ]
2 info using npm@3.10.10
3 info using node@v6.11.1
4 verbose run-script [ 'prestart', 'start', 'poststart' ]
5 info lifecycle CodeTest@0.1.0~prestart: CodeTest@0.1.0
6 silly lifecycle CodeTest@0.1.0~prestart: no script for prestart, continuing
7 info lifecycle CodeTest@0.1.0~start: CodeTest@0.1.0
8 verbose lifecycle CodeTest@0.1.0~start: unsafe-perm in lifecycle true
9 verbose lifecycle CodeTest@0.1.0~start: PATH: C:\Program Files\nodejs\node_modules\npm\bin\node-gyp-bin;C:\Users\sra1\Desktop\Pravallika\Bayshann\CodeTest\node_modules\.bin;C:\Users\sra1\AppData\Roaming\npm;C:\Program Files\nodejs\;C:\ProgramData\Oracle\Java\javapath;C:\Program Files (x86)\Lenovo\FusionEngine;C:\WINDOWS\system32;C:\WINDOWS;C:\WINDOWS\System32\Wbem;C:\WINDOWS\System32\WindowsPowerShell\v1.0\;C:\Program Files\Intel\WiFi\bin\;C:\Program Files\Common Files\Intel\WirelessCommon\;C:\Program Files (x86)\Java\jdk1.8.0_131\bin;C:\Program Files\nodejs\;C:\Program Files\nodejs\node_modules\npm\bin;C:\Program Files\nodejs\node_modules\npm;C:\Program Files\Git\cmd;C:\Program Files\Git\bin;C:\Program Files\MongoDB\Server\3.4\bin;C:\Program Files (x86)\Skype\Phone\;C:\WINDOWS\System32\OpenSSH\;C:\Users\sra1\AppData\Local\Microsoft\WindowsApps;"C:\Program Files (x86)\Java\jdk1.8.0_131\bin;";C:\Users\sra1\AppData\Roaming\npm;C:\Users\sra1\AppData\Local\atom\bin;%USERPROFILE%\AppData\Local\Microsoft\WindowsApps;
10 verbose lifecycle CodeTest@0.1.0~start: CWD: C:\Users\sra1\Desktop\Pravallika\Bayshann\CodeTest
11 silly lifecycle CodeTest@0.1.0~start: Args: [ '/d /s /c', 'node lib/app/codetest.js' ]
12 silly lifecycle CodeTest@0.1.0~start: Returned: code: 3  signal: null
13 info lifecycle CodeTest@0.1.0~start: Failed to exec start script
14 verbose stack Error: CodeTest@0.1.0 start: `node lib/app/codetest.js`
14 verbose stack Exit status 3
14 verbose stack     at EventEmitter.<anonymous> (C:\Program Files\nodejs\node_modules\npm\lib\utils\lifecycle.js:255:16)
14 verbose stack     at emitTwo (events.js:106:13)
14 verbose stack     at EventEmitter.emit (events.js:191:7)
14 verbose stack     at ChildProcess.<anonymous> (C:\Program Files\nodejs\node_modules\npm\lib\utils\spawn.js:40:14)
14 verbose stack     at emitTwo (events.js:106:13)
14 verbose stack     at ChildProcess.emit (events.js:191:7)
14 verbose stack     at maybeClose (internal/child_process.js:891:16)
14 verbose stack     at Process.ChildProcess._handle.onexit (internal/child_process.js:226:5)
15 verbose pkgid CodeTest@0.1.0
16 verbose cwd C:\Users\sra1\Desktop\Pravallika\Bayshann\CodeTest
17 error Windows_NT 10.0.17134
18 error argv "C:\\Program Files\\nodejs\\node.exe" "C:\\Program Files\\nodejs\\node_modules\\npm\\bin\\npm-cli.js" "start"
19 error node v6.11.1
20 error npm  v3.10.10
21 error code ELIFECYCLE
22 error CodeTest@0.1.0 start: `node lib/app/codetest.js`
22 error Exit status 3
23 error Failed at the CodeTest@0.1.0 start script 'node lib/app/codetest.js'.
23 error Make sure you have the latest version of node.js and npm installed.
23 error If you do, this is most likely a problem with the CodeTest package,
23 error not with npm itself.
23 error Tell the author that this fails on your system:
23 error     node lib/app/codetest.js
23 error You can get information on how to open an issue for this project with:
23 error     npm bugs CodeTest
23 error Or if that isn't available, you can get their info via:
23 error     npm owner ls CodeTest
23 error There is likely additional logging output above.
24 verbose exit [ 1, true ]
